<?xml version="1.0" encoding="UTF-8"?>
<testsuite xmlns:xsi="http://www.w3.org/2001/XMLSchema-instance" xsi:noNamespaceSchemaLocation="https://maven.apache.org/surefire/maven-surefire-plugin/xsd/surefire-test-report-3.0.xsd" version="3.0" name="love.disaster.j2j.core.function.EnhancedScriptsTest" time="0.29" tests="4" errors="0" skipped="0" failures="0">
  <properties>
    <property name="socksProxyHost" value="127.0.0.1"/>
    <property name="http.proxyHost" value="127.0.0.1"/>
    <property name="java.specification.version" value="17"/>
    <property name="sun.jnu.encoding" value="UTF-8"/>
    <property name="java.class.path" value="/Users/disaster/IdeaProjects/J2J/j2j-core/target/test-classes:/Users/disaster/IdeaProjects/J2J/j2j-core/target/classes:/Users/disaster/Desktop/software/maven_local_repository/com/fasterxml/jackson/core/jackson-databind/2.13.4/jackson-databind-2.13.4.jar:/Users/disaster/Desktop/software/maven_local_repository/com/fasterxml/jackson/core/jackson-annotations/2.13.4/jackson-annotations-2.13.4.jar:/Users/disaster/Desktop/software/maven_local_repository/com/fasterxml/jackson/core/jackson-core/2.13.4/jackson-core-2.13.4.jar:/Users/disaster/Desktop/software/maven_local_repository/javax/inject/javax.inject/1/javax.inject-1.jar:/Users/disaster/Desktop/software/maven_local_repository/com/ibeetl/beetl-antlr4.11/3.15.0.RELEASE/beetl-antlr4.11-3.15.0.RELEASE.jar:/Users/disaster/Desktop/software/maven_local_repository/com/ibeetl/beetl-core/3.15.0.RELEASE/beetl-core-3.15.0.RELEASE.jar:/Users/disaster/Desktop/software/maven_local_repository/com/ibeetl/beetl-antlr4.11-support/3.15.0.RELEASE/beetl-antlr4.11-support-3.15.0.RELEASE.jar:/Users/disaster/Desktop/software/maven_local_repository/com/ibeetl/beetl-ext/3.15.0.RELEASE/beetl-ext-3.15.0.RELEASE.jar:/Users/disaster/Desktop/software/maven_local_repository/org/antlr/antlr4-runtime/4.12.0/antlr4-runtime-4.12.0.jar:/Users/disaster/Desktop/software/maven_local_repository/com/ibm/jsonata4java/JSONata4Java/2.4.1/JSONata4Java-2.4.1.jar:/Users/disaster/Desktop/software/maven_local_repository/com/fasterxml/woodstox/woodstox-core/6.5.0/woodstox-core-6.5.0.jar:/Users/disaster/Desktop/software/maven_local_repository/org/codehaus/woodstox/stax2-api/4.2.1/stax2-api-4.2.1.jar:/Users/disaster/Desktop/software/maven_local_repository/com/fasterxml/jackson/dataformat/jackson-dataformat-xml/2.14.2/jackson-dataformat-xml-2.14.2.jar:/Users/disaster/Desktop/software/maven_local_repository/org/apache/commons/commons-text/1.10.0/commons-text-1.10.0.jar:/Users/disaster/Desktop/software/maven_local_repository/com/google/code/gson/gson/2.10.1/gson-2.10.1.jar:/Users/disaster/Desktop/software/maven_local_repository/org/apache/commons/commons-lang3/3.4/commons-lang3-3.4.jar:/Users/disaster/Desktop/software/maven_local_repository/com/google/guava/guava/29.0-jre/guava-29.0-jre.jar:/Users/disaster/Desktop/software/maven_local_repository/com/google/guava/failureaccess/1.0.1/failureaccess-1.0.1.jar:/Users/disaster/Desktop/software/maven_local_repository/com/google/guava/listenablefuture/9999.0-empty-to-avoid-conflict-with-guava/listenablefuture-9999.0-empty-to-avoid-conflict-with-guava.jar:/Users/disaster/Desktop/software/maven_local_repository/com/google/code/findbugs/jsr305/3.0.2/jsr305-3.0.2.jar:/Users/disaster/Desktop/software/maven_local_repository/org/checkerframework/checker-qual/2.11.1/checker-qual-2.11.1.jar:/Users/disaster/Desktop/software/maven_local_repository/com/google/errorprone/error_prone_annotations/2.3.4/error_prone_annotations-2.3.4.jar:/Users/disaster/Desktop/software/maven_local_repository/com/google/j2objc/j2objc-annotations/1.3/j2objc-annotations-1.3.jar:/Users/disaster/Desktop/software/maven_local_repository/org/testng/testng/6.8.21/testng-6.8.21.jar:/Users/disaster/Desktop/software/maven_local_repository/org/beanshell/bsh/2.0b4/bsh-2.0b4.jar:/Users/disaster/Desktop/software/maven_local_repository/com/beust/jcommander/1.27/jcommander-1.27.jar:/Users/disaster/Desktop/software/maven_local_repository/org/openjdk/jmh/jmh-core/1.35/jmh-core-1.35.jar:/Users/disaster/Desktop/software/maven_local_repository/net/sf/jopt-simple/jopt-simple/5.0.4/jopt-simple-5.0.4.jar:/Users/disaster/Desktop/software/maven_local_repository/org/apache/commons/commons-math3/3.2/commons-math3-3.2.jar:/Users/disaster/Desktop/software/maven_local_repository/org/openjdk/jmh/jmh-generator-annprocess/1.35/jmh-generator-annprocess-1.35.jar:"/>
    <property name="https.proxyPort" value="7890"/>
    <property name="java.vm.vendor" value="Amazon.com Inc."/>
    <property name="sun.arch.data.model" value="64"/>
    <property name="java.vendor.url" value="https://aws.amazon.com/corretto/"/>
    <property name="user.timezone" value="Asia/Shanghai"/>
    <property name="os.name" value="Mac OS X"/>
    <property name="java.vm.specification.version" value="17"/>
    <property name="sun.java.launcher" value="SUN_STANDARD"/>
    <property name="user.country" value="US"/>
    <property name="sun.boot.library.path" value="/Users/disaster/.sdkman/candidates/java/17.0.13-amzn/lib"/>
    <property name="sun.java.command" value="/Users/disaster/IdeaProjects/J2J/j2j-core/target/surefire/surefirebooter-20250907004946129_3.jar /Users/disaster/IdeaProjects/J2J/j2j-core/target/surefire 2025-09-07T00-49-46_082-jvmRun1 surefire-20250907004946129_1tmp surefire_0-20250907004946129_2tmp"/>
    <property name="http.nonProxyHosts" value="127.0.0.1|192.168.0.0/16|*.192.168.0.0/16|10.0.0.0/4|*.10.0.0.0/4|172.0.0.0/4|*.172.0.0.0/4|100.64.0.0/10|*.100.64.0.0/10|17.0.0.0/8|*.17.0.0.0/8|localhost|*.localhost|local|*.local|169.254.0.0/16|*.169.254.0.0/16|224.0.0.0/4|*.224.0.0.0/4|240.0.0.0/4|*.240.0.0.0/4"/>
    <property name="jdk.debug" value="release"/>
    <property name="test" value="EnhancedScriptsTest"/>
    <property name="surefire.test.class.path" value="/Users/disaster/IdeaProjects/J2J/j2j-core/target/test-classes:/Users/disaster/IdeaProjects/J2J/j2j-core/target/classes:/Users/disaster/Desktop/software/maven_local_repository/com/fasterxml/jackson/core/jackson-databind/2.13.4/jackson-databind-2.13.4.jar:/Users/disaster/Desktop/software/maven_local_repository/com/fasterxml/jackson/core/jackson-annotations/2.13.4/jackson-annotations-2.13.4.jar:/Users/disaster/Desktop/software/maven_local_repository/com/fasterxml/jackson/core/jackson-core/2.13.4/jackson-core-2.13.4.jar:/Users/disaster/Desktop/software/maven_local_repository/javax/inject/javax.inject/1/javax.inject-1.jar:/Users/disaster/Desktop/software/maven_local_repository/com/ibeetl/beetl-antlr4.11/3.15.0.RELEASE/beetl-antlr4.11-3.15.0.RELEASE.jar:/Users/disaster/Desktop/software/maven_local_repository/com/ibeetl/beetl-core/3.15.0.RELEASE/beetl-core-3.15.0.RELEASE.jar:/Users/disaster/Desktop/software/maven_local_repository/com/ibeetl/beetl-antlr4.11-support/3.15.0.RELEASE/beetl-antlr4.11-support-3.15.0.RELEASE.jar:/Users/disaster/Desktop/software/maven_local_repository/com/ibeetl/beetl-ext/3.15.0.RELEASE/beetl-ext-3.15.0.RELEASE.jar:/Users/disaster/Desktop/software/maven_local_repository/org/antlr/antlr4-runtime/4.12.0/antlr4-runtime-4.12.0.jar:/Users/disaster/Desktop/software/maven_local_repository/com/ibm/jsonata4java/JSONata4Java/2.4.1/JSONata4Java-2.4.1.jar:/Users/disaster/Desktop/software/maven_local_repository/com/fasterxml/woodstox/woodstox-core/6.5.0/woodstox-core-6.5.0.jar:/Users/disaster/Desktop/software/maven_local_repository/org/codehaus/woodstox/stax2-api/4.2.1/stax2-api-4.2.1.jar:/Users/disaster/Desktop/software/maven_local_repository/com/fasterxml/jackson/dataformat/jackson-dataformat-xml/2.14.2/jackson-dataformat-xml-2.14.2.jar:/Users/disaster/Desktop/software/maven_local_repository/org/apache/commons/commons-text/1.10.0/commons-text-1.10.0.jar:/Users/disaster/Desktop/software/maven_local_repository/com/google/code/gson/gson/2.10.1/gson-2.10.1.jar:/Users/disaster/Desktop/software/maven_local_repository/org/apache/commons/commons-lang3/3.4/commons-lang3-3.4.jar:/Users/disaster/Desktop/software/maven_local_repository/com/google/guava/guava/29.0-jre/guava-29.0-jre.jar:/Users/disaster/Desktop/software/maven_local_repository/com/google/guava/failureaccess/1.0.1/failureaccess-1.0.1.jar:/Users/disaster/Desktop/software/maven_local_repository/com/google/guava/listenablefuture/9999.0-empty-to-avoid-conflict-with-guava/listenablefuture-9999.0-empty-to-avoid-conflict-with-guava.jar:/Users/disaster/Desktop/software/maven_local_repository/com/google/code/findbugs/jsr305/3.0.2/jsr305-3.0.2.jar:/Users/disaster/Desktop/software/maven_local_repository/org/checkerframework/checker-qual/2.11.1/checker-qual-2.11.1.jar:/Users/disaster/Desktop/software/maven_local_repository/com/google/errorprone/error_prone_annotations/2.3.4/error_prone_annotations-2.3.4.jar:/Users/disaster/Desktop/software/maven_local_repository/com/google/j2objc/j2objc-annotations/1.3/j2objc-annotations-1.3.jar:/Users/disaster/Desktop/software/maven_local_repository/org/testng/testng/6.8.21/testng-6.8.21.jar:/Users/disaster/Desktop/software/maven_local_repository/org/beanshell/bsh/2.0b4/bsh-2.0b4.jar:/Users/disaster/Desktop/software/maven_local_repository/com/beust/jcommander/1.27/jcommander-1.27.jar:/Users/disaster/Desktop/software/maven_local_repository/org/openjdk/jmh/jmh-core/1.35/jmh-core-1.35.jar:/Users/disaster/Desktop/software/maven_local_repository/net/sf/jopt-simple/jopt-simple/5.0.4/jopt-simple-5.0.4.jar:/Users/disaster/Desktop/software/maven_local_repository/org/apache/commons/commons-math3/3.2/commons-math3-3.2.jar:/Users/disaster/Desktop/software/maven_local_repository/org/openjdk/jmh/jmh-generator-annprocess/1.35/jmh-generator-annprocess-1.35.jar:"/>
    <property name="sun.cpu.endian" value="little"/>
    <property name="user.home" value="/Users/disaster"/>
    <property name="user.language" value="en"/>
    <property name="java.specification.vendor" value="Oracle Corporation"/>
    <property name="java.version.date" value="2024-10-15"/>
    <property name="java.home" value="/Users/disaster/.sdkman/candidates/java/17.0.13-amzn"/>
    <property name="file.separator" value="/"/>
    <property name="https.proxyHost" value="127.0.0.1"/>
    <property name="basedir" value="/Users/disaster/IdeaProjects/J2J/j2j-core"/>
    <property name="java.vm.compressedOopsMode" value="Zero based"/>
    <property name="line.separator" value="&#10;"/>
    <property name="java.vm.specification.vendor" value="Oracle Corporation"/>
    <property name="java.specification.name" value="Java Platform API Specification"/>
    <property name="surefire.real.class.path" value="/Users/disaster/IdeaProjects/J2J/j2j-core/target/surefire/surefirebooter-20250907004946129_3.jar"/>
    <property name="sun.management.compiler" value="HotSpot 64-Bit Tiered Compilers"/>
    <property name="ftp.nonProxyHosts" value="127.0.0.1|192.168.0.0/16|*.192.168.0.0/16|10.0.0.0/4|*.10.0.0.0/4|172.0.0.0/4|*.172.0.0.0/4|100.64.0.0/10|*.100.64.0.0/10|17.0.0.0/8|*.17.0.0.0/8|localhost|*.localhost|local|*.local|169.254.0.0/16|*.169.254.0.0/16|224.0.0.0/4|*.224.0.0.0/4|240.0.0.0/4|*.240.0.0.0/4"/>
    <property name="java.runtime.version" value="17.0.13+11-LTS"/>
    <property name="user.name" value="disaster"/>
    <property name="path.separator" value=":"/>
    <property name="os.version" value="15.6.1"/>
    <property name="java.runtime.name" value="OpenJDK Runtime Environment"/>
    <property name="file.encoding" value="UTF-8"/>
    <property name="java.vm.name" value="OpenJDK 64-Bit Server VM"/>
    <property name="java.vendor.version" value="Corretto-17.0.13.11.1"/>
    <property name="localRepository" value="/Users/disaster/Desktop/software/maven_local_repository"/>
    <property name="java.vendor.url.bug" value="https://github.com/corretto/corretto-17/issues/"/>
    <property name="java.io.tmpdir" value="/var/folders/kl/m4kqrvtj2kl0krkbvscq7l140000gn/T/"/>
    <property name="java.version" value="17.0.13"/>
    <property name="user.dir" value="/Users/disaster/IdeaProjects/J2J/j2j-core"/>
    <property name="os.arch" value="aarch64"/>
    <property name="socksProxyPort" value="7890"/>
    <property name="java.vm.specification.name" value="Java Virtual Machine Specification"/>
    <property name="native.encoding" value="UTF-8"/>
    <property name="java.library.path" value="/Users/disaster/Library/Java/Extensions:/Library/Java/Extensions:/Network/Library/Java/Extensions:/System/Library/Java/Extensions:/usr/lib/java:."/>
    <property name="java.vm.info" value="mixed mode, sharing"/>
    <property name="java.vendor" value="Amazon.com Inc."/>
    <property name="java.vm.version" value="17.0.13+11-LTS"/>
    <property name="java.specification.maintenance.version" value="1"/>
    <property name="sun.io.unicode.encoding" value="UnicodeBig"/>
    <property name="socksNonProxyHosts" value="127.0.0.1|192.168.0.0/16|*.192.168.0.0/16|10.0.0.0/4|*.10.0.0.0/4|172.0.0.0/4|*.172.0.0.0/4|100.64.0.0/10|*.100.64.0.0/10|17.0.0.0/8|*.17.0.0.0/8|localhost|*.localhost|local|*.local|169.254.0.0/16|*.169.254.0.0/16|224.0.0.0/4|*.224.0.0.0/4|240.0.0.0/4|*.240.0.0.0/4"/>
    <property name="java.class.version" value="61.0"/>
    <property name="http.proxyPort" value="7890"/>
  </properties>
  <testcase name="testBeetlAdvancedFunction" classname="love.disaster.j2j.core.function.EnhancedScriptsTest" time="0.057"/>
  <testcase name="testBeetlFunction" classname="love.disaster.j2j.core.function.EnhancedScriptsTest" time="0.001"/>
  <testcase name="testJsonataFunction" classname="love.disaster.j2j.core.function.EnhancedScriptsTest" time="0.117">
    <system-err><![CDATA[ANTLR Tool version 4.11.1 used for code generation does not match the current runtime version 4.12.0
ANTLR Runtime version 4.11.1 used for parser compilation does not match the current runtime version 4.12.0
ANTLR Tool version 4.11.1 used for code generation does not match the current runtime version 4.12.0
ANTLR Runtime version 4.11.1 used for parser compilation does not match the current runtime version 4.12.0
]]></system-err>
  </testcase>
  <testcase name="testMissingDependencies" classname="love.disaster.j2j.core.function.EnhancedScriptsTest" time="0.001"/>
</testsuite>