<?xml version="1.0" encoding="UTF-8"?>
<!-- Generated by org.testng.reporters.JUnitReportReporter -->
<testsuite hostname="MacBook-Pro-2.local" failures="0" tests="4" name="love.disaster.j2j.core.function.EnhancedScriptsTest" time="0.099" errors="0" timestamp="7 Sep 2025 16:37:41 GMT">
  <testcase classname="love.disaster.j2j.core.function.EnhancedScriptsTest" name="testBeetlAdvancedFunction" time="0.055"/>
  <testcase classname="love.disaster.j2j.core.function.EnhancedScriptsTest" name="testJsonataFunction" time="0.043"/>
  <testcase classname="love.disaster.j2j.core.function.EnhancedScriptsTest" name="testBeetlFunction" time="0.001"/>
  <testcase classname="love.disaster.j2j.core.function.EnhancedScriptsTest" name="testMissingDependencies" time="0.000"/>
</testsuite> <!-- love.disaster.j2j.core.function.EnhancedScriptsTest -->
